{"level":"info","message":"Serveur démarré sur le port 3004","timestamp":"2025-06-30T10:54:53.954Z"}
{"level":"info","message":"SendGrid email service initialized successfully","timestamp":"2025-06-30T10:54:53.789Z"}
{"level":"info","message":"SMTP email service initialized successfully","timestamp":"2025-06-30T10:54:53.800Z"}
{"level":"info","message":"Twilio SMS service initialized successfully","timestamp":"2025-06-30T10:54:53.902Z"}
{"level":"info","message":"Connecté à MongoDB","timestamp":"2025-06-30T10:54:54.333Z"}
{"code":"ENOTFOUND","errno":-3008,"hostname":"rabbitmq","level":"error","message":"Erreur de connexion à RabbitMQ: getaddrinfo ENOTFOUND rabbitmq","stack":"Error: getaddrinfo ENOTFOUND rabbitmq\n    at GetAddrInfoReqWrap.onlookupall [as oncomplete] (node:dns:120:26)","syscall":"getaddrinfo","timestamp":"2025-06-30T10:54:56.661Z"}
{"level":"info","message":"Serveur démarré sur le port 3004","timestamp":"2025-06-30T10:57:23.332Z"}
{"level":"info","message":"SendGrid email service initialized successfully","timestamp":"2025-06-30T10:57:23.180Z"}
{"address":"::1","code":"ECONNREFUSED","errno":-4078,"level":"error","message":"Erreur de connexion à RabbitMQ: connect ECONNREFUSED ::1:5672","port":5672,"stack":"Error: connect ECONNREFUSED ::1:5672\n    at TCPConnectWrap.afterConnect [as oncomplete] (node:net:1615:16)","syscall":"connect","timestamp":"2025-06-30T10:57:23.348Z"}
{"level":"info","message":"SMTP email service initialized successfully","timestamp":"2025-06-30T10:57:23.188Z"}
{"level":"info","message":"Twilio SMS service initialized successfully","timestamp":"2025-06-30T10:57:23.284Z"}
{"level":"info","message":"Connecté à MongoDB","timestamp":"2025-06-30T10:57:23.584Z"}
{"level":"info","message":"Serveur démarré sur le port 3004","timestamp":"2025-06-30T11:01:33.774Z"}
{"level":"info","message":"SendGrid email service initialized successfully","timestamp":"2025-06-30T11:01:33.655Z"}
{"level":"info","message":"SMTP email service initialized successfully","timestamp":"2025-06-30T11:01:33.663Z"}
{"level":"info","message":"Twilio SMS service initialized successfully","timestamp":"2025-06-30T11:01:33.737Z"}
{"level":"info","message":"Connecté à RabbitMQ","timestamp":"2025-06-30T11:01:33.850Z"}
{"level":"info","message":"Connecté à MongoDB","timestamp":"2025-06-30T11:01:33.989Z"}
{"level":"info","message":"Serveur démarré sur le port 3004","timestamp":"2025-06-30T15:46:13.921Z"}
{"level":"info","message":"SendGrid email service initialized successfully","timestamp":"2025-06-30T15:46:13.772Z"}
{"level":"info","message":"SMTP email service initialized successfully","timestamp":"2025-06-30T15:46:13.780Z"}
{"level":"info","message":"Twilio SMS service initialized successfully","timestamp":"2025-06-30T15:46:13.875Z"}
{"address":"::1","code":"ECONNREFUSED","errno":-4078,"level":"error","message":"Erreur de connexion à RabbitMQ: connect ECONNREFUSED ::1:5672","port":5672,"stack":"Error: connect ECONNREFUSED ::1:5672\n    at TCPConnectWrap.afterConnect [as oncomplete] (node:net:1615:16)","syscall":"connect","timestamp":"2025-06-30T15:46:13.934Z"}
{"level":"info","message":"Connecté à MongoDB","timestamp":"2025-06-30T15:46:14.138Z"}
{"level":"info","message":"Serveur démarré sur le port 3004","timestamp":"2025-06-30T20:32:16.472Z"}
{"level":"info","message":"SendGrid email service initialized successfully","timestamp":"2025-06-30T20:32:16.267Z"}
{"level":"info","message":"SMTP email service initialized successfully","timestamp":"2025-06-30T20:32:16.275Z"}
{"level":"info","message":"Twilio SMS service initialized successfully","timestamp":"2025-06-30T20:32:16.408Z"}
{"address":"::1","code":"ECONNREFUSED","errno":-4078,"level":"error","message":"Erreur de connexion à RabbitMQ: connect ECONNREFUSED ::1:5672","port":5672,"stack":"Error: connect ECONNREFUSED ::1:5672\n    at TCPConnectWrap.afterConnect [as oncomplete] (node:net:1615:16)","syscall":"connect","timestamp":"2025-06-30T20:32:16.486Z"}
{"level":"info","message":"Connecté à MongoDB","timestamp":"2025-06-30T20:32:38.117Z"}
{"level":"info","message":"Serveur démarré sur le port 3004","timestamp":"2025-07-06T20:30:20.794Z"}
{"level":"info","message":"SendGrid email service initialized successfully","timestamp":"2025-07-06T20:30:20.599Z"}
{"level":"info","message":"SMTP email service initialized successfully","timestamp":"2025-07-06T20:30:20.609Z"}
{"level":"info","message":"Twilio SMS service initialized successfully","timestamp":"2025-07-06T20:30:20.732Z"}
{"address":"::1","code":"ECONNREFUSED","errno":-4078,"level":"error","message":"Erreur de connexion à RabbitMQ: connect ECONNREFUSED ::1:5672","port":5672,"stack":"Error: connect ECONNREFUSED ::1:5672\n    at TCPConnectWrap.afterConnect [as oncomplete] (node:net:1615:16)","syscall":"connect","timestamp":"2025-07-06T20:30:20.810Z"}
{"level":"info","message":"Connecté à MongoDB","timestamp":"2025-07-06T20:30:21.463Z"}
{"level":"info","message":"Serveur démarré sur le port 3004","timestamp":"2025-07-07T09:27:46.567Z"}
{"level":"info","message":"SendGrid email service initialized successfully","timestamp":"2025-07-07T09:27:46.394Z"}
{"level":"info","message":"SMTP email service initialized successfully","timestamp":"2025-07-07T09:27:46.403Z"}
{"level":"info","message":"Twilio SMS service initialized successfully","timestamp":"2025-07-07T09:27:46.510Z"}
{"address":"::1","code":"ECONNREFUSED","errno":-4078,"level":"error","message":"Erreur de connexion à RabbitMQ: connect ECONNREFUSED ::1:5672","port":5672,"stack":"Error: connect ECONNREFUSED ::1:5672\n    at TCPConnectWrap.afterConnect [as oncomplete] (node:net:1615:16)","syscall":"connect","timestamp":"2025-07-07T09:27:46.581Z"}
{"level":"info","message":"Connecté à MongoDB","timestamp":"2025-07-07T09:27:47.156Z"}
{"level":"info","message":"Serveur démarré sur le port 3004","timestamp":"2025-07-19T14:31:43.737Z"}
{"level":"info","message":"SendGrid email service initialized successfully","timestamp":"2025-07-19T14:31:43.596Z"}
{"level":"info","message":"SMTP email service initialized successfully","timestamp":"2025-07-19T14:31:43.603Z"}
{"level":"info","message":"Twilio SMS service initialized successfully","timestamp":"2025-07-19T14:31:43.693Z"}
{"address":"::1","code":"ECONNREFUSED","errno":-4078,"level":"error","message":"Erreur de connexion à RabbitMQ: connect ECONNREFUSED ::1:5672","port":5672,"stack":"Error: connect ECONNREFUSED ::1:5672\n    at TCPConnectWrap.afterConnect [as oncomplete] (node:net:1615:16)","syscall":"connect","timestamp":"2025-07-19T14:31:43.750Z"}
{"level":"info","message":"Connecté à MongoDB","timestamp":"2025-07-19T14:31:44.326Z"}
{"level":"info","message":"Serveur démarré sur le port 3004","timestamp":"2025-07-19T14:35:37.869Z"}
{"level":"info","message":"SendGrid email service initialized successfully","timestamp":"2025-07-19T14:35:37.755Z"}
{"level":"info","message":"SMTP email service initialized successfully","timestamp":"2025-07-19T14:35:37.762Z"}
{"level":"info","message":"Twilio SMS service initialized successfully","timestamp":"2025-07-19T14:35:37.835Z"}
{"level":"info","message":"Connecté à RabbitMQ","timestamp":"2025-07-19T14:35:37.942Z"}
{"level":"info","message":"Connecté à MongoDB","timestamp":"2025-07-19T14:35:38.713Z"}
{"level":"info","message":"Serveur démarré sur le port 3004","timestamp":"2025-08-08T19:33:54.496Z"}
{"level":"info","message":"SendGrid email service initialized successfully","timestamp":"2025-08-08T19:33:54.319Z"}
{"address":"::1","code":"ECONNREFUSED","errno":-4078,"level":"error","message":"Erreur de connexion à RabbitMQ: connect ECONNREFUSED ::1:5672","port":5672,"stack":"Error: connect ECONNREFUSED ::1:5672\n    at TCPConnectWrap.afterConnect [as oncomplete] (node:net:1615:16)","syscall":"connect","timestamp":"2025-08-08T19:33:54.510Z"}
{"level":"info","message":"SMTP email service initialized successfully","timestamp":"2025-08-08T19:33:54.327Z"}
{"level":"info","message":"Twilio SMS service initialized successfully","timestamp":"2025-08-08T19:33:54.443Z"}
{"level":"info","message":"Connecté à MongoDB","timestamp":"2025-08-08T19:33:55.179Z"}
{"level":"info","message":"Serveur démarré sur le port 3004","timestamp":"2025-08-16T14:19:08.104Z"}
{"level":"info","message":"SendGrid email service initialized successfully","timestamp":"2025-08-16T14:19:07.850Z"}
{"level":"info","message":"SMTP email service initialized successfully","timestamp":"2025-08-16T14:19:07.860Z"}
{"level":"info","message":"Twilio SMS service initialized successfully","timestamp":"2025-08-16T14:19:08.025Z"}
{"address":"::1","code":"ECONNREFUSED","errno":-4078,"level":"error","message":"Erreur de connexion à RabbitMQ: connect ECONNREFUSED ::1:5672","port":5672,"stack":"Error: connect ECONNREFUSED ::1:5672\n    at TCPConnectWrap.afterConnect [as oncomplete] (node:net:1615:16)","syscall":"connect","timestamp":"2025-08-16T14:19:08.117Z"}
{"level":"info","message":"Connecté à MongoDB","timestamp":"2025-08-16T14:19:08.944Z"}
